<?xml version="1.0" encoding="UTF-8" ?>
<testsuite errors="1" failures="0" hostname="Fredriks-MBP" name="OrderSystemTest" skipped="0" tests="6" time="0.064" timestamp="2018-11-07T13:47:04">
  <properties>
[...]
</properties>
  <testcase classname="OrderSystemTest" name="addOrder" time="0.002" />
  <testcase classname="OrderSystemTest" name="formatDeliveryDate" time="0.0" />
  <testcase classname="OrderSystemTest" name="cancelAllOrders" time="0.0" />
  <testcase classname="OrderSystemTest" name="removeFromCart" time="0.006">
    <error message="Index: 0, Size: 0" type="java.lang.IndexOutOfBoundsException">java.lang.IndexOutOfBoundsException: Index: 0, Size: 0
	at java.util.ArrayList.rangeCheck(ArrayList.java:653)
	at java.util.ArrayList.get(ArrayList.java:429)
	at OrderSystem.getOrder(Unknown Source)
	at OrderSystemTest.removeFromCart(Unknown Source)
</error>
  </testcase>
  <testcase classname="OrderSystemTest" name="checkoutCart" time="0.0" />
  <testcase classname="OrderSystemTest" name="getOrder" time="0.0" />
  <system-out><![CDATA[Your order has been added to cart!
[]
0
]]></system-out>
  <system-err><![CDATA[]]></system-err>
</testsuite>
